Log file open, 04/19/22 16:34:21
LogWindows: Failed to load 'aqProf.dll' (GetLastError=126)
LogWindows: File 'aqProf.dll' does not exist
LogWindows: Failed to load 'VtuneApi.dll' (GetLastError=126)
LogWindows: File 'VtuneApi.dll' does not exist
LogWindows: Failed to load 'VtuneApi32e.dll' (GetLastError=126)
LogWindows: File 'VtuneApi32e.dll' does not exist
LogConsoleResponse: Display: Failed to find resolution value strings in scalability ini. Falling back to default.
LogConsoleResponse: Display: Failed to find resolution value strings in scalability ini. Falling back to default.
LogInit: Display: Running engine for game: KrazyKarts
LogPlatformFile: Not using cached read wrapper
LogTaskGraph: Started task graph with 5 named threads and 35 total threads with 3 sets of task threads.
LogStats: Stats thread started at 0.922990
LogICUInternationalization: ICU TimeZone Detection - Raw Offset: +0:00, Platform Override: ''
LogInit: Display: Loading text-based GConfig....
LogPluginManager: Mounting plugin MeshPainting
LogPluginManager: Mounting plugin XGEController
LogPluginManager: Mounting plugin AISupport
LogPluginManager: Mounting plugin Paper2D
LogPluginManager: Mounting plugin EnvironmentQueryEditor
LogPluginManager: Mounting plugin LiveLink
LogPluginManager: Mounting plugin LightPropagationVolume
LogPluginManager: Mounting plugin CameraShakePreviewer
LogPluginManager: Mounting plugin GameplayCameras
LogPluginManager: Mounting plugin OodleNetwork
LogPluginManager: Mounting plugin OodleData
LogPluginManager: Mounting plugin AlembicImporter
LogPluginManager: Mounting plugin BackChannel
LogPluginManager: Mounting plugin AutomationUtils
LogPluginManager: Mounting plugin ChaosCloth
LogPluginManager: Mounting plugin ChaosClothEditor
LogPluginManager: Mounting plugin ChaosEditor
LogPluginManager: Mounting plugin ChaosNiagara
LogPluginManager: Mounting plugin ChaosSolverPlugin
LogPluginManager: Mounting plugin CharacterAI
LogPluginManager: Mounting plugin GeometryCache
LogPluginManager: Mounting plugin AnimationSharing
LogPluginManager: Mounting plugin GeometryCollectionPlugin
LogPluginManager: Mounting plugin CLionSourceCodeAccess
LogPluginManager: Mounting plugin AssetManagerEditor
LogPluginManager: Mounting plugin CodeLiteSourceCodeAccess
LogPluginManager: Mounting plugin GitSourceControl
LogPluginManager: Mounting plugin KDevelopSourceCodeAccess
LogPluginManager: Mounting plugin NullSourceCodeAccess
LogPluginManager: Mounting plugin PerforceSourceControl
LogPluginManager: Mounting plugin PixWinPlugin
LogPluginManager: Mounting plugin PlasticSourceControl
LogPluginManager: Mounting plugin PluginUtils
LogPluginManager: Mounting plugin PropertyAccessNode
LogPluginManager: Mounting plugin RiderSourceCodeAccess
LogPluginManager: Mounting plugin SubversionSourceControl
LogPluginManager: Mounting plugin CryptoKeys
LogPluginManager: Mounting plugin TextureFormatOodle
LogPluginManager: Mounting plugin CurveEditorTools
LogPluginManager: Mounting plugin DataValidation
LogPluginManager: Mounting plugin UObjectPlugin
LogPluginManager: Mounting plugin FacialAnimation
LogPluginManager: Mounting plugin GeometryMode
LogPluginManager: Mounting plugin GameplayTagsEditor
LogPluginManager: Mounting plugin MacGraphicsSwitching
LogPluginManager: Mounting plugin MaterialAnalyzer
LogPluginManager: Mounting plugin VisualStudioCodeSourceCodeAccess
LogPluginManager: Mounting plugin VisualStudioSourceCodeAccess
LogPluginManager: Mounting plugin MobileLauncherProfileWizard
LogPluginManager: Mounting plugin XCodeSourceCodeAccess
LogPluginManager: Mounting plugin PluginBrowser
LogPluginManager: Mounting plugin SpeedTreeImporter
LogPluginManager: Mounting plugin DatasmithContent
LogPluginManager: Mounting plugin GeometryProcessing
LogPluginManager: Mounting plugin MotoSynth
LogPluginManager: Mounting plugin OpenImageDenoise
LogPluginManager: Mounting plugin PlanarCut
LogPluginManager: Mounting plugin PlatformCrypto
LogPluginManager: Mounting plugin ProxyLODPlugin
LogPluginManager: Mounting plugin PythonScriptPlugin
LogPluginManager: Mounting plugin RawInput
LogPluginManager: Mounting plugin SkeletalReduction
LogPluginManager: Mounting plugin VariantManagerContent
LogPluginManager: Mounting plugin Niagara
LogPluginManager: Mounting plugin LuminPlatformFeatures
LogPluginManager: Mounting plugin MagicLeap
LogPluginManager: Mounting plugin MagicLeapLightEstimation
LogPluginManager: Mounting plugin MagicLeapMedia
LogPluginManager: Mounting plugin MagicLeapPassableWorld
LogPluginManager: Mounting plugin MLSDK
LogPluginManager: Mounting plugin AndroidMedia
LogPluginManager: Mounting plugin AvfMedia
LogPluginManager: Mounting plugin ImgMedia
LogPluginManager: Mounting plugin MediaCompositing
LogPluginManager: Mounting plugin MediaPlayerEditor
LogPluginManager: Mounting plugin WebMMedia
LogPluginManager: Mounting plugin TcpMessaging
LogPluginManager: Mounting plugin UdpMessaging
LogPluginManager: Mounting plugin WmfMedia
LogPluginManager: Mounting plugin ActorSequence
LogPluginManager: Mounting plugin LevelSequenceEditor
LogPluginManager: Mounting plugin MatineeToLevelSequence
LogPluginManager: Mounting plugin TemplateSequence
LogPluginManager: Mounting plugin ActorLayerUtilities
LogPluginManager: Mounting plugin AndroidMoviePlayer
LogPluginManager: Mounting plugin AndroidPermission
LogPluginManager: Mounting plugin AppleMoviePlayer
LogPluginManager: Mounting plugin AndroidDeviceProfileSelector
LogPluginManager: Mounting plugin AudioCapture
LogPluginManager: Mounting plugin AppleImageUtils
LogPluginManager: Mounting plugin AssetTags
LogPluginManager: Mounting plugin ArchVisCharacter
LogPluginManager: Mounting plugin AudioSynesthesia
LogPluginManager: Mounting plugin CableComponent
LogPluginManager: Mounting plugin ChunkDownloader
LogPluginManager: Mounting plugin CustomMeshComponent
LogPluginManager: Mounting plugin EditableMesh
LogPluginManager: Mounting plugin ExampleDeviceProfileSelector
LogPluginManager: Mounting plugin GoogleCloudMessaging
LogPluginManager: Mounting plugin GooglePAD
LogPluginManager: Mounting plugin LauncherChunkInstaller
LogPluginManager: Mounting plugin IOSDeviceProfileSelector
LogPluginManager: Mounting plugin LinuxDeviceProfileSelector
LogPluginManager: Mounting plugin LocationServicesBPLibrary
LogPluginManager: Mounting plugin MobilePatchingUtils
LogPluginManager: Mounting plugin OpenXR
LogPluginManager: Mounting plugin OpenXREyeTracker
LogPluginManager: Mounting plugin OpenXRHandTracking
LogPluginManager: Mounting plugin PhysXVehicles
LogPluginManager: Mounting plugin OnlineSubsystem
LogPluginManager: Mounting plugin OnlineSubsystemNull
LogPluginManager: Mounting plugin OnlineSubsystemUtils
LogPluginManager: Mounting plugin PostSplashScreen
LogPluginManager: Mounting plugin ProceduralMeshComponent
LogPluginManager: Mounting plugin PropertyAccessEditor
LogPluginManager: Mounting plugin RuntimePhysXCooking
LogPluginManager: Mounting plugin SoundFields
LogPluginManager: Mounting plugin SignificanceManager
LogPluginManager: Mounting plugin Synthesis
LogPluginManager: Mounting plugin WebMMoviePlayer
LogPluginManager: Mounting plugin WindowsMoviePlayer
LogPluginManager: Mounting plugin ScreenshotTools
LogPluginManager: Mounting plugin Takes
LogPluginManager: Mounting plugin ContentBrowserAssetDataSource
LogPluginManager: Mounting plugin ContentBrowserClassDataSource
LogPluginManager: Mounting plugin ContentBrowserFileDataSource
LogPluginManager: Mounting plugin OculusVR
LogPluginManager: Mounting plugin OnlineSubsystemGooglePlay
LogPluginManager: Mounting plugin OnlineSubsystemIOS
LogPluginManager: Mounting plugin SteamVR
PixWinPlugin: PIX capture plugin failed to initialize! Check that the process is launched from PIX.
LogInit: Using libcurl 7.55.1-DEV
LogInit:  - built for x86_64-pc-win32
LogInit:  - supports SSL with OpenSSL/1.1.1
LogInit:  - supports HTTP deflate (compression) using libz 1.2.8
LogInit:  - other features:
LogInit:      CURL_VERSION_SSL
LogInit:      CURL_VERSION_LIBZ
LogInit:      CURL_VERSION_IPV6
LogInit:      CURL_VERSION_ASYNCHDNS
LogInit:      CURL_VERSION_LARGEFILE
LogInit:      CURL_VERSION_IDN
LogInit:  CurlRequestOptions (configurable via config and command line):
LogInit:  - bVerifyPeer = true  - Libcurl will verify peer certificate
LogInit:  - bUseHttpProxy = false  - Libcurl will NOT use HTTP proxy
LogInit:  - bDontReuseConnections = false  - Libcurl will reuse connections
LogInit:  - MaxHostConnections = 16  - Libcurl will limit the number of connections to a host
LogInit:  - LocalHostAddr = Default
LogInit:  - BufferSize = 65536
LogOnline: OSS: Creating online subsystem instance for: NULL
LogInit: WinSock: version 1.1 (2.2), MaxSocks=32767, MaxUdp=65467
LogOnline: OSS: TryLoadSubsystemAndSetDefault: Loaded subsystem for module [NULL]
LogOculusPluginWrapper: OculusPlugin initialized successfully
LogHMD: Failed initializing OVRPlugin 1.59.0
LogInit: Build: ++UE4+Release-4.27-CL-18319896
LogInit: Engine Version: 4.27.2-18319896+++UE4+Release-4.27
LogInit: Compatible Engine Version: 4.27.0-17155196+++UE4+Release-4.27
LogInit: Net CL: 17155196
LogInit: OS: Windows 10 (Release 2009) (), CPU: Intel(R) Core(TM) i7-10750H CPU @ 2.60GHz, GPU: Intel(R) UHD Graphics
LogInit: Compiled (64-bit): Nov 30 2021 07:12:08
LogInit: Compiled with Visual C++: 19.24.28315.00
LogInit: Build Configuration: Development
LogInit: Branch Name: ++UE4+Release-4.27
LogInit: Command Line: 
LogInit: Base Directory: D:/Games/Origin/UE_4.27/Engine/Binaries/Win64/
LogInit: Allocator: TBB
LogInit: Installed Engine Build: 1
LogDevObjectVersion: Number of dev versions registered: 29
LogDevObjectVersion:   Dev-Blueprints (B0D832E4-1F89-4F0D-ACCF-7EB736FD4AA2): 10
LogDevObjectVersion:   Dev-Build (E1C64328-A22C-4D53-A36C-8E866417BD8C): 0
LogDevObjectVersion:   Dev-Core (375EC13C-06E4-48FB-B500-84F0262A717E): 4
LogDevObjectVersion:   Dev-Editor (E4B068ED-F494-42E9-A231-DA0B2E46BB41): 40
LogDevObjectVersion:   Dev-Framework (CFFC743F-43B0-4480-9391-14DF171D2073): 37
LogDevObjectVersion:   Dev-Mobile (B02B49B5-BB20-44E9-A304-32B752E40360): 3
LogDevObjectVersion:   Dev-Networking (A4E4105C-59A1-49B5-A7C5-40C4547EDFEE): 0
LogDevObjectVersion:   Dev-Online (39C831C9-5AE6-47DC-9A44-9C173E1C8E7C): 0
LogDevObjectVersion:   Dev-Physics (78F01B33-EBEA-4F98-B9B4-84EACCB95AA2): 14
LogDevObjectVersion:   Dev-Platform (6631380F-2D4D-43E0-8009-CF276956A95A): 0
LogDevObjectVersion:   Dev-Rendering (12F88B9F-8875-4AFC-A67C-D90C383ABD29): 45
LogDevObjectVersion:   Dev-Sequencer (7B5AE74C-D270-4C10-A958-57980B212A5A): 13
LogDevObjectVersion:   Dev-VR (D7296918-1DD6-4BDD-9DE2-64A83CC13884): 3
LogDevObjectVersion:   Dev-LoadTimes (C2A15278-BFE7-4AFE-6C17-90FF531DF755): 1
LogDevObjectVersion:   Private-Geometry (6EACA3D4-40EC-4CC1-B786-8BED09428FC5): 3
LogDevObjectVersion:   Dev-AnimPhys (29E575DD-E0A3-4627-9D10-D276232CDCEA): 17
LogDevObjectVersion:   Dev-Anim (AF43A65D-7FD3-4947-9873-3E8ED9C1BB05): 15
LogDevObjectVersion:   Dev-ReflectionCapture (6B266CEC-1EC7-4B8F-A30B-E4D90942FC07): 1
LogDevObjectVersion:   Dev-Automation (0DF73D61-A23F-47EA-B727-89E90C41499A): 1
LogDevObjectVersion:   FortniteMain (601D1886-AC64-4F84-AA16-D3DE0DEAC7D6): 47
LogDevObjectVersion:   FortniteRelease (E7086368-6B23-4C58-8439-1B7016265E91): 1
LogDevObjectVersion:   Dev-Enterprise (9DFFBCD6-494F-0158-E221-12823C92A888): 10
LogDevObjectVersion:   Dev-Niagara (F2AED0AC-9AFE-416F-8664-AA7FFA26D6FC): 1
LogDevObjectVersion:   Dev-Destruction (174F1F0B-B4C6-45A5-B13F-2EE8D0FB917D): 10
LogDevObjectVersion:   Dev-Physics-Ext (35F94A83-E258-406C-A318-09F59610247C): 41
LogDevObjectVersion:   Dev-PhysicsMaterial-Chaos (B68FC16E-8B1B-42E2-B453-215C058844FE): 1
LogDevObjectVersion:   Dev-CineCamera (B2E18506-4273-CFC2-A54E-F4BB758BBA07): 1
LogDevObjectVersion:   Dev-VirtualProduction (64F58936-FD1B-42BA-BA96-7289D5D0FA4E): 1
LogDevObjectVersion:   Dev-MediaFramework (6F0ED827-A609-4895-9C91-998D90180EA4): 2
LogInit: Presizing for max 25165824 objects, including 0 objects not considered by GC, pre-allocating 0 bytes for permanent pool.
LogConfig: Applying CVar settings from Section [/Script/Engine.StreamingSettings] File [C:/Users/kevin/dev/UnrealProjects/KrazyKarts/KrazyKarts/Saved/Config/Windows/Engine.ini]
LogConfig: Setting CVar [[s.MinBulkDataSizeForAsyncLoading:131072]]
LogConfig: Setting CVar [[s.AsyncLoadingThreadEnabled:0]]
LogConfig: Setting CVar [[s.EventDrivenLoaderEnabled:1]]
LogConfig: Setting CVar [[s.WarnIfTimeLimitExceeded:0]]
LogConfig: Setting CVar [[s.TimeLimitExceededMultiplier:1.5]]
LogConfig: Setting CVar [[s.TimeLimitExceededMinTime:0.005]]
LogConfig: Setting CVar [[s.UseBackgroundLevelStreaming:1]]
LogConfig: Setting CVar [[s.PriorityAsyncLoadingExtraTime:15.0]]
LogConfig: Setting CVar [[s.LevelStreamingActorsUpdateTimeLimit:5.0]]
LogConfig: Setting CVar [[s.PriorityLevelStreamingActorsUpdateExtraTime:5.0]]
LogConfig: Setting CVar [[s.LevelStreamingComponentsRegistrationGranularity:10]]
LogConfig: Setting CVar [[s.UnregisterComponentsTimeLimit:1.0]]
LogConfig: Setting CVar [[s.LevelStreamingComponentsUnregistrationGranularity:5]]
LogConfig: Setting CVar [[s.FlushStreamingOnExit:1]]
LogInit: Object subsystem initialized
LogConfig: Setting CVar [[con.DebugEarlyDefault:1]]
LogConfig: Setting CVar [[r.setres:1280x720]]
[2022.04.19-15.34.23:044][  0]LogConfig: Setting CVar [[r.VSync:0]]
[2022.04.19-15.34.23:044][  0]LogConfig: Setting CVar [[r.RHICmdBypass:0]]
[2022.04.19-15.34.23:044][  0]LogConfig: Applying CVar settings from Section [/Script/Engine.RendererSettings] File [C:/Users/kevin/dev/UnrealProjects/KrazyKarts/KrazyKarts/Saved/Config/Windows/Engine.ini]
[2022.04.19-15.34.23:044][  0]LogConfig: Setting CVar [[r.GPUCrashDebugging:0]]
[2022.04.19-15.34.23:044][  0]LogConfig: Applying CVar settings from Section [/Script/Engine.RendererOverrideSettings] File [C:/Users/kevin/dev/UnrealProjects/KrazyKarts/KrazyKarts/Saved/Config/Windows/Engine.ini]
[2022.04.19-15.34.23:044][  0]LogConfig: Applying CVar settings from Section [/Script/Engine.StreamingSettings] File [C:/Users/kevin/dev/UnrealProjects/KrazyKarts/KrazyKarts/Saved/Config/Windows/Engine.ini]
[2022.04.19-15.34.23:044][  0]LogConfig: Setting CVar [[s.MinBulkDataSizeForAsyncLoading:131072]]
[2022.04.19-15.34.23:044][  0]LogConfig: Setting CVar [[s.AsyncLoadingThreadEnabled:0]]
[2022.04.19-15.34.23:044][  0]LogConfig: Setting CVar [[s.EventDrivenLoaderEnabled:1]]
[2022.04.19-15.34.23:044][  0]LogConfig: Setting CVar [[s.WarnIfTimeLimitExceeded:0]]
[2022.04.19-15.34.23:044][  0]LogConfig: Setting CVar [[s.TimeLimitExceededMultiplier:1.5]]
[2022.04.19-15.34.23:044][  0]LogConfig: Setting CVar [[s.TimeLimitExceededMinTime:0.005]]
[2022.04.19-15.34.23:044][  0]LogConfig: Setting CVar [[s.UseBackgroundLevelStreaming:1]]
[2022.04.19-15.34.23:044][  0]LogConfig: Setting CVar [[s.PriorityAsyncLoadingExtraTime:15.0]]
[2022.04.19-15.34.23:044][  0]LogConfig: Setting CVar [[s.LevelStreamingActorsUpdateTimeLimit:5.0]]
[2022.04.19-15.34.23:044][  0]LogConfig: Setting CVar [[s.PriorityLevelStreamingActorsUpdateExtraTime:5.0]]
[2022.04.19-15.34.23:045][  0]LogConfig: Setting CVar [[s.LevelStreamingComponentsRegistrationGranularity:10]]
[2022.04.19-15.34.23:045][  0]LogConfig: Setting CVar [[s.UnregisterComponentsTimeLimit:1.0]]
[2022.04.19-15.34.23:045][  0]LogConfig: Setting CVar [[s.LevelStreamingComponentsUnregistrationGranularity:5]]
[2022.04.19-15.34.23:045][  0]LogConfig: Setting CVar [[s.FlushStreamingOnExit:1]]
[2022.04.19-15.34.23:045][  0]LogConfig: Applying CVar settings from Section [/Script/Engine.GarbageCollectionSettings] File [C:/Users/kevin/dev/UnrealProjects/KrazyKarts/KrazyKarts/Saved/Config/Windows/Engine.ini]
[2022.04.19-15.34.23:045][  0]LogConfig: Setting CVar [[gc.MaxObjectsNotConsideredByGC:1]]
[2022.04.19-15.34.23:045][  0]LogConfig: Setting CVar [[gc.SizeOfPermanentObjectPool:0]]
[2022.04.19-15.34.23:045][  0]LogConfig: Setting CVar [[gc.FlushStreamingOnGC:0]]
[2022.04.19-15.34.23:045][  0]LogConfig: Setting CVar [[gc.NumRetriesBeforeForcingGC:10]]
[2022.04.19-15.34.23:045][  0]LogConfig: Setting CVar [[gc.AllowParallelGC:1]]
[2022.04.19-15.34.23:045][  0]LogConfig: Setting CVar [[gc.TimeBetweenPurgingPendingKillObjects:61.1]]
[2022.04.19-15.34.23:045][  0]LogConfig: Setting CVar [[gc.MaxObjectsInEditor:25165824]]
[2022.04.19-15.34.23:045][  0]LogConfig: Setting CVar [[gc.IncrementalBeginDestroyEnabled:1]]
[2022.04.19-15.34.23:045][  0]LogConfig: Setting CVar [[gc.CreateGCClusters:1]]
[2022.04.19-15.34.23:045][  0]LogConfig: Setting CVar [[gc.MinGCClusterSize:5]]
[2022.04.19-15.34.23:045][  0]LogConfig: Setting CVar [[gc.ActorClusteringEnabled:0]]
[2022.04.19-15.34.23:045][  0]LogConfig: Setting CVar [[gc.BlueprintClusteringEnabled:0]]
[2022.04.19-15.34.23:045][  0]LogConfig: Setting CVar [[gc.UseDisregardForGCOnDedicatedServers:0]]
[2022.04.19-15.34.23:045][  0]LogConfig: Setting CVar [[gc.MultithreadedDestructionEnabled:1]]
[2022.04.19-15.34.23:045][  0]LogConfig: Applying CVar settings from Section [/Script/Engine.NetworkSettings] File [C:/Users/kevin/dev/UnrealProjects/KrazyKarts/KrazyKarts/Saved/Config/Windows/Engine.ini]
[2022.04.19-15.34.23:045][  0]LogConfig: Applying CVar settings from Section [/Script/UnrealEd.CookerSettings] File [C:/Users/kevin/dev/UnrealProjects/KrazyKarts/KrazyKarts/Saved/Config/Windows/Engine.ini]
[2022.04.19-15.34.23:054][  0]LogConfig: Applying CVar settings from Section [ViewDistanceQuality@3] File [C:/Users/kevin/dev/UnrealProjects/KrazyKarts/KrazyKarts/Saved/Config/Windows/Scalability.ini]
[2022.04.19-15.34.23:054][  0]LogConfig: Setting CVar [[r.SkeletalMeshLODBias:0]]
[2022.04.19-15.34.23:054][  0]LogConfig: Setting CVar [[r.ViewDistanceScale:1.0]]
[2022.04.19-15.34.23:054][  0]LogConfig: Applying CVar settings from Section [AntiAliasingQuality@3] File [C:/Users/kevin/dev/UnrealProjects/KrazyKarts/KrazyKarts/Saved/Config/Windows/Scalability.ini]
[2022.04.19-15.34.23:054][  0]LogConfig: Setting CVar [[r.PostProcessAAQuality:4]]
[2022.04.19-15.34.23:054][  0]LogConfig: Applying CVar settings from Section [ShadowQuality@3] File [C:/Users/kevin/dev/UnrealProjects/KrazyKarts/KrazyKarts/Saved/Config/Windows/Scalability.ini]
[2022.04.19-15.34.23:054][  0]LogConfig: Setting CVar [[r.LightFunctionQuality:1]]
[2022.04.19-15.34.23:054][  0]LogConfig: Setting CVar [[r.ShadowQuality:5]]
[2022.04.19-15.34.23:054][  0]LogConfig: Setting CVar [[r.Shadow.CSM.MaxCascades:10]]
[2022.04.19-15.34.23:054][  0]LogConfig: Setting CVar [[r.Shadow.MaxResolution:2048]]
[2022.04.19-15.34.23:054][  0]LogConfig: Setting CVar [[r.Shadow.MaxCSMResolution:2048]]
[2022.04.19-15.34.23:054][  0]LogConfig: Setting CVar [[r.Shadow.RadiusThreshold:0.01]]
[2022.04.19-15.34.23:054][  0]LogConfig: Setting CVar [[r.Shadow.DistanceScale:1.0]]
[2022.04.19-15.34.23:054][  0]LogConfig: Setting CVar [[r.Shadow.CSM.TransitionScale:1.0]]
[2022.04.19-15.34.23:054][  0]LogConfig: Setting CVar [[r.Shadow.PreShadowResolutionFactor:1.0]]
[2022.04.19-15.34.23:054][  0]LogConfig: Setting CVar [[r.DistanceFieldShadowing:1]]
[2022.04.19-15.34.23:054][  0]LogConfig: Setting CVar [[r.DistanceFieldAO:1]]
[2022.04.19-15.34.23:054][  0]LogConfig: Setting CVar [[r.AOQuality:2]]
[2022.04.19-15.34.23:054][  0]LogConfig: Setting CVar [[r.VolumetricFog:1]]
[2022.04.19-15.34.23:054][  0]LogConfig: Setting CVar [[r.VolumetricFog.GridPixelSize:8]]
[2022.04.19-15.34.23:054][  0]LogConfig: Setting CVar [[r.VolumetricFog.GridSizeZ:128]]
[2022.04.19-15.34.23:054][  0]LogConfig: Setting CVar [[r.VolumetricFog.HistoryMissSupersampleCount:4]]
[2022.04.19-15.34.23:054][  0]LogConfig: Setting CVar [[r.LightMaxDrawDistanceScale:1]]
[2022.04.19-15.34.23:054][  0]LogConfig: Setting CVar [[r.CapsuleShadows:1]]
[2022.04.19-15.34.23:054][  0]LogConfig: Applying CVar settings from Section [PostProcessQuality@3] File [C:/Users/kevin/dev/UnrealProjects/KrazyKarts/KrazyKarts/Saved/Config/Windows/Scalability.ini]
[2022.04.19-15.34.23:054][  0]LogConfig: Setting CVar [[r.MotionBlurQuality:4]]
[2022.04.19-15.34.23:054][  0]LogConfig: Setting CVar [[r.AmbientOcclusionMipLevelFactor:0.4]]
[2022.04.19-15.34.23:054][  0]LogConfig: Setting CVar [[r.AmbientOcclusionMaxQuality:100]]
[2022.04.19-15.34.23:054][  0]LogConfig: Setting CVar [[r.AmbientOcclusionLevels:-1]]
[2022.04.19-15.34.23:054][  0]LogConfig: Setting CVar [[r.AmbientOcclusionRadiusScale:1.0]]
[2022.04.19-15.34.23:054][  0]LogConfig: Setting CVar [[r.DepthOfFieldQuality:2]]
[2022.04.19-15.34.23:054][  0]LogConfig: Setting CVar [[r.RenderTargetPoolMin:400]]
[2022.04.19-15.34.23:054][  0]LogConfig: Setting CVar [[r.LensFlareQuality:2]]
[2022.04.19-15.34.23:054][  0]LogConfig: Setting CVar [[r.SceneColorFringeQuality:1]]
[2022.04.19-15.34.23:054][  0]LogConfig: Setting CVar [[r.EyeAdaptationQuality:2]]
[2022.04.19-15.34.23:054][  0]LogConfig: Setting CVar [[r.BloomQuality:5]]
[2022.04.19-15.34.23:054][  0]LogConfig: Setting CVar [[r.FastBlurThreshold:100]]
[2022.04.19-15.34.23:054][  0]LogConfig: Setting CVar [[r.Upscale.Quality:3]]
[2022.04.19-15.34.23:054][  0]LogConfig: Setting CVar [[r.Tonemapper.GrainQuantization:1]]
[2022.04.19-15.34.23:054][  0]LogConfig: Setting CVar [[r.LightShaftQuality:1]]
[2022.04.19-15.34.23:054][  0]LogConfig: Setting CVar [[r.Filter.SizeScale:1]]
[2022.04.19-15.34.23:054][  0]LogConfig: Setting CVar [[r.Tonemapper.Quality:5]]
[2022.04.19-15.34.23:054][  0]LogConfig: Setting CVar [[r.DOF.Gather.AccumulatorQuality:1        ; higher gathering accumulator quality]]
[2022.04.19-15.34.23:054][  0]LogConfig: Setting CVar [[r.DOF.Gather.PostfilterMethod:1          ; Median3x3 postfilering method]]
[2022.04.19-15.34.23:054][  0]LogConfig: Setting CVar [[r.DOF.Gather.EnableBokehSettings:0       ; no bokeh simulation when gathering]]
[2022.04.19-15.34.23:054][  0]LogConfig: Setting CVar [[r.DOF.Gather.RingCount:4                 ; medium number of samples when gathering]]
[2022.04.19-15.34.23:054][  0]LogConfig: Setting CVar [[r.DOF.Scatter.ForegroundCompositing:1    ; additive foreground scattering]]
[2022.04.19-15.34.23:054][  0]LogConfig: Setting CVar [[r.DOF.Scatter.BackgroundCompositing:2    ; additive background scattering]]
[2022.04.19-15.34.23:054][  0]LogConfig: Setting CVar [[r.DOF.Scatter.EnableBokehSettings:1      ; bokeh simulation when scattering]]
[2022.04.19-15.34.23:054][  0]LogConfig: Setting CVar [[r.DOF.Scatter.MaxSpriteRatio:0.1         ; only a maximum of 10% of scattered bokeh]]
[2022.04.19-15.34.23:054][  0]LogConfig: Setting CVar [[r.DOF.Recombine.Quality:1                ; cheap slight out of focus]]
[2022.04.19-15.34.23:054][  0]LogConfig: Setting CVar [[r.DOF.Recombine.EnableBokehSettings:0    ; no bokeh simulation on slight out of focus]]
[2022.04.19-15.34.23:054][  0]LogConfig: Setting CVar [[r.DOF.TemporalAAQuality:1                ; more stable temporal accumulation]]
[2022.04.19-15.34.23:054][  0]LogConfig: Setting CVar [[r.DOF.Kernel.MaxForegroundRadius:0.025]]
[2022.04.19-15.34.23:054][  0]LogConfig: Setting CVar [[r.DOF.Kernel.MaxBackgroundRadius:0.025]]
[2022.04.19-15.34.23:055][  0]LogConfig: Applying CVar settings from Section [TextureQuality@3] File [C:/Users/kevin/dev/UnrealProjects/KrazyKarts/KrazyKarts/Saved/Config/Windows/Scalability.ini]
[2022.04.19-15.34.23:055][  0]LogConfig: Setting CVar [[r.Streaming.MipBias:0]]
[2022.04.19-15.34.23:055][  0]LogConfig: Setting CVar [[r.Streaming.AmortizeCPUToGPUCopy:0]]
[2022.04.19-15.34.23:055][  0]LogConfig: Setting CVar [[r.Streaming.MaxNumTexturesToStreamPerFrame:0]]
[2022.04.19-15.34.23:055][  0]LogConfig: Setting CVar [[r.Streaming.Boost:1]]
[2022.04.19-15.34.23:055][  0]LogConfig: Setting CVar [[r.MaxAnisotropy:8]]
[2022.04.19-15.34.23:055][  0]LogConfig: Setting CVar [[r.VT.MaxAnisotropy:8]]
[2022.04.19-15.34.23:055][  0]LogConfig: Setting CVar [[r.Streaming.LimitPoolSizeToVRAM:0]]
[2022.04.19-15.34.23:055][  0]LogConfig: Setting CVar [[r.Streaming.PoolSize:1000]]
[2022.04.19-15.34.23:055][  0]LogConfig: Setting CVar [[r.Streaming.MaxEffectiveScreenSize:0]]
[2022.04.19-15.34.23:055][  0]LogConfig: Applying CVar settings from Section [EffectsQuality@3] File [C:/Users/kevin/dev/UnrealProjects/KrazyKarts/KrazyKarts/Saved/Config/Windows/Scalability.ini]
[2022.04.19-15.34.23:055][  0]LogConfig: Setting CVar [[r.TranslucencyLightingVolumeDim:64]]
[2022.04.19-15.34.23:055][  0]LogConfig: Setting CVar [[r.RefractionQuality:2]]
[2022.04.19-15.34.23:055][  0]LogConfig: Setting CVar [[r.SSR.Quality:3]]
[2022.04.19-15.34.23:055][  0]LogConfig: Setting CVar [[r.SSR.HalfResSceneColor:0]]
[2022.04.19-15.34.23:055][  0]LogConfig: Setting CVar [[r.SceneColorFormat:4]]
[2022.04.19-15.34.23:055][  0]LogConfig: Setting CVar [[r.DetailMode:2]]
[2022.04.19-15.34.23:055][  0]LogConfig: Setting CVar [[r.TranslucencyVolumeBlur:1]]
[2022.04.19-15.34.23:055][  0]LogConfig: Setting CVar [[r.MaterialQualityLevel:1 ; High quality]]
[2022.04.19-15.34.23:055][  0]LogConfig: Setting CVar [[r.AnisotropicMaterials:1]]
[2022.04.19-15.34.23:055][  0]LogConfig: Setting CVar [[r.SSS.Scale:1]]
[2022.04.19-15.34.23:055][  0]LogConfig: Setting CVar [[r.SSS.SampleSet:2]]
[2022.04.19-15.34.23:055][  0]LogConfig: Setting CVar [[r.SSS.Quality:1]]
[2022.04.19-15.34.23:055][  0]LogConfig: Setting CVar [[r.SSS.HalfRes:0]]
[2022.04.19-15.34.23:055][  0]LogConfig: Setting CVar [[r.SSGI.Quality:3]]
[2022.04.19-15.34.23:055][  0]LogConfig: Setting CVar [[r.EmitterSpawnRateScale:1.0]]
[2022.04.19-15.34.23:055][  0]LogConfig: Setting CVar [[r.ParticleLightQuality:2]]
[2022.04.19-15.34.23:055][  0]LogConfig: Setting CVar [[r.SkyAtmosphere.AerialPerspectiveLUT.FastApplyOnOpaque:1 ; Always have FastSkyLUT 1 in this case to avoid wrong sky]]
[2022.04.19-15.34.23:055][  0]LogConfig: Setting CVar [[r.SkyAtmosphere.AerialPerspectiveLUT.SampleCountMaxPerSlice:4]]
[2022.04.19-15.34.23:055][  0]LogConfig: Setting CVar [[r.SkyAtmosphere.AerialPerspectiveLUT.DepthResolution:16.0]]
[2022.04.19-15.34.23:055][  0]LogConfig: Setting CVar [[r.SkyAtmosphere.FastSkyLUT:1]]
[2022.04.19-15.34.23:055][  0]LogConfig: Setting CVar [[r.SkyAtmosphere.FastSkyLUT.SampleCountMin:4.0]]
[2022.04.19-15.34.23:055][  0]LogConfig: Setting CVar [[r.SkyAtmosphere.FastSkyLUT.SampleCountMax:128.0]]
[2022.04.19-15.34.23:055][  0]LogConfig: Setting CVar [[r.SkyAtmosphere.SampleCountMin:4.0]]
[2022.04.19-15.34.23:055][  0]LogConfig: Setting CVar [[r.SkyAtmosphere.SampleCountMax:128.0]]
[2022.04.19-15.34.23:055][  0]LogConfig: Setting CVar [[r.SkyAtmosphere.TransmittanceLUT.UseSmallFormat:0]]
[2022.04.19-15.34.23:055][  0]LogConfig: Setting CVar [[r.SkyAtmosphere.TransmittanceLUT.SampleCount:10.0]]
[2022.04.19-15.34.23:055][  0]LogConfig: Setting CVar [[r.SkyAtmosphere.MultiScatteringLUT.SampleCount:15.0]]
[2022.04.19-15.34.23:055][  0]LogConfig: Setting CVar [[r.SkyLight.RealTimeReflectionCapture:1]]
[2022.04.19-15.34.23:055][  0]LogConfig: Applying CVar settings from Section [FoliageQuality@3] File [C:/Users/kevin/dev/UnrealProjects/KrazyKarts/KrazyKarts/Saved/Config/Windows/Scalability.ini]
[2022.04.19-15.34.23:055][  0]LogConfig: Setting CVar [[foliage.DensityScale:1.0]]
[2022.04.19-15.34.23:055][  0]LogConfig: Setting CVar [[grass.DensityScale:1.0]]
[2022.04.19-15.34.23:055][  0]LogConfig: Applying CVar settings from Section [ShadingQuality@3] File [C:/Users/kevin/dev/UnrealProjects/KrazyKarts/KrazyKarts/Saved/Config/Windows/Scalability.ini]
[2022.04.19-15.34.23:055][  0]LogConfig: Setting CVar [[r.HairStrands.SkyLighting.IntegrationType:2]]
[2022.04.19-15.34.23:055][  0]LogConfig: Setting CVar [[r.HairStrands.SkyAO.SampleCount:4]]
[2022.04.19-15.34.23:055][  0]LogConfig: Setting CVar [[r.HairStrands.Visibility.MSAA.SamplePerPixel:4]]
[2022.04.19-15.34.23:055][  0]LogInit: Selected Device Profile: [Windows]
[2022.04.19-15.34.23:055][  0]LogInit: Applying CVar settings loaded from the selected device profile: [Windows]
[2022.04.19-15.34.23:056][  0]LogHAL: Display: Platform has ~ 16 GB [16954847232 / 17179869184 / 16], which maps to Larger [LargestMinGB=32, LargerMinGB=12, DefaultMinGB=8, SmallerMinGB=6, SmallestMinGB=0)
[2022.04.19-15.34.23:056][  0]LogInit: Going up to parent DeviceProfile []
[2022.04.19-15.34.23:056][  0]LogConfig: Applying CVar settings from Section [ViewDistanceQuality@3] File [C:/Users/kevin/dev/UnrealProjects/KrazyKarts/KrazyKarts/Saved/Config/Windows/Scalability.ini]
[2022.04.19-15.34.23:056][  0]LogConfig: Setting CVar [[r.SkeletalMeshLODBias:0]]
[2022.04.19-15.34.23:056][  0]LogConfig: Setting CVar [[r.ViewDistanceScale:1.0]]
[2022.04.19-15.34.23:056][  0]LogConfig: Applying CVar settings from Section [AntiAliasingQuality@3] File [C:/Users/kevin/dev/UnrealProjects/KrazyKarts/KrazyKarts/Saved/Config/Windows/Scalability.ini]
[2022.04.19-15.34.23:056][  0]LogConfig: Setting CVar [[r.PostProcessAAQuality:4]]
[2022.04.19-15.34.23:056][  0]LogConfig: Applying CVar settings from Section [ShadowQuality@3] File [C:/Users/kevin/dev/UnrealProjects/KrazyKarts/KrazyKarts/Saved/Config/Windows/Scalability.ini]
[2022.04.19-15.34.23:056][  0]LogConfig: Setting CVar [[r.LightFunctionQuality:1]]
[2022.04.19-15.34.23:056][  0]LogConfig: Setting CVar [[r.ShadowQuality:5]]
[2022.04.19-15.34.23:056][  0]LogConfig: Setting CVar [[r.Shadow.CSM.MaxCascades:10]]
[2022.04.19-15.34.23:056][  0]LogConfig: Setting CVar [[r.Shadow.MaxResolution:2048]]
[2022.04.19-15.34.23:056][  0]LogConfig: Setting CVar [[r.Shadow.MaxCSMResolution:2048]]
[2022.04.19-15.34.23:056][  0]LogConfig: Setting CVar [[r.Shadow.RadiusThreshold:0.01]]
[2022.04.19-15.34.23:056][  0]LogConfig: Setting CVar [[r.Shadow.DistanceScale:1.0]]
[2022.04.19-15.34.23:056][  0]LogConfig: Setting CVar [[r.Shadow.CSM.TransitionScale:1.0]]
[2022.04.19-15.34.23:056][  0]LogConfig: Setting CVar [[r.Shadow.PreShadowResolutionFactor:1.0]]
[2022.04.19-15.34.23:056][  0]LogConfig: Setting CVar [[r.DistanceFieldShadowing:1]]
[2022.04.19-15.34.23:056][  0]LogConfig: Setting CVar [[r.DistanceFieldAO:1]]
[2022.04.19-15.34.23:056][  0]LogConfig: Setting CVar [[r.AOQuality:2]]
[2022.04.19-15.34.23:056][  0]LogConfig: Setting CVar [[r.VolumetricFog:1]]
[2022.04.19-15.34.23:056][  0]LogConfig: Setting CVar [[r.VolumetricFog.GridPixelSize:8]]
[2022.04.19-15.34.23:056][  0]LogConfig: Setting CVar [[r.VolumetricFog.GridSizeZ:128]]
[2022.04.19-15.34.23:056][  0]LogConfig: Setting CVar [[r.VolumetricFog.HistoryMissSupersampleCount:4]]
[2022.04.19-15.34.23:056][  0]LogConfig: Setting CVar [[r.LightMaxDrawDistanceScale:1]]
[2022.04.19-15.34.23:056][  0]LogConfig: Setting CVar [[r.CapsuleShadows:1]]
[2022.04.19-15.34.23:056][  0]LogConfig: Applying CVar settings from Section [PostProcessQuality@3] File [C:/Users/kevin/dev/UnrealProjects/KrazyKarts/KrazyKarts/Saved/Config/Windows/Scalability.ini]
[2022.04.19-15.34.23:056][  0]LogConfig: Setting CVar [[r.MotionBlurQuality:4]]
[2022.04.19-15.34.23:056][  0]LogConfig: Setting CVar [[r.AmbientOcclusionMipLevelFactor:0.4]]
[2022.04.19-15.34.23:056][  0]LogConfig: Setting CVar [[r.AmbientOcclusionMaxQuality:100]]
[2022.04.19-15.34.23:056][  0]LogConfig: Setting CVar [[r.AmbientOcclusionLevels:-1]]
[2022.04.19-15.34.23:056][  0]LogConfig: Setting CVar [[r.AmbientOcclusionRadiusScale:1.0]]
[2022.04.19-15.34.23:056][  0]LogConfig: Setting CVar [[r.DepthOfFieldQuality:2]]
[2022.04.19-15.34.23:056][  0]LogConfig: Setting CVar [[r.RenderTargetPoolMin:400]]
[2022.04.19-15.34.23:056][  0]LogConfig: Setting CVar [[r.LensFlareQuality:2]]
[2022.04.19-15.34.23:056][  0]LogConfig: Setting CVar [[r.SceneColorFringeQuality:1]]
[2022.04.19-15.34.23:056][  0]LogConfig: Setting CVar [[r.EyeAdaptationQuality:2]]
[2022.04.19-15.34.23:056][  0]LogConfig: Setting CVar [[r.BloomQuality:5]]
[2022.04.19-15.34.23:056][  0]LogConfig: Setting CVar [[r.FastBlurThreshold:100]]
[2022.04.19-15.34.23:056][  0]LogConfig: Setting CVar [[r.Upscale.Quality:3]]
[2022.04.19-15.34.23:056][  0]LogConfig: Setting CVar [[r.Tonemapper.GrainQuantization:1]]
[2022.04.19-15.34.23:056][  0]LogConfig: Setting CVar [[r.LightShaftQuality:1]]
[2022.04.19-15.34.23:056][  0]LogConfig: Setting CVar [[r.Filter.SizeScale:1]]
[2022.04.19-15.34.23:056][  0]LogConfig: Setting CVar [[r.Tonemapper.Quality:5]]
[2022.04.19-15.34.23:056][  0]LogConfig: Setting CVar [[r.DOF.Gather.AccumulatorQuality:1        ; higher gathering accumulator quality]]
[2022.04.19-15.34.23:056][  0]LogConfig: Setting CVar [[r.DOF.Gather.PostfilterMethod:1          ; Median3x3 postfilering method]]
[2022.04.19-15.34.23:056][  0]LogConfig: Setting CVar [[r.DOF.Gather.EnableBokehSettings:0       ; no bokeh simulation when gathering]]
[2022.04.19-15.34.23:056][  0]LogConfig: Setting CVar [[r.DOF.Gather.RingCount:4                 ; medium number of samples when gathering]]
[2022.04.19-15.34.23:056][  0]LogConfig: Setting CVar [[r.DOF.Scatter.ForegroundCompositing:1    ; additive foreground scattering]]
[2022.04.19-15.34.23:056][  0]LogConfig: Setting CVar [[r.DOF.Scatter.BackgroundCompositing:2    ; additive background scattering]]
[2022.04.19-15.34.23:056][  0]LogConfig: Setting CVar [[r.DOF.Scatter.EnableBokehSettings:1      ; bokeh simulation when scattering]]
[2022.04.19-15.34.23:056][  0]LogConfig: Setting CVar [[r.DOF.Scatter.MaxSpriteRatio:0.1         ; only a maximum of 10% of scattered bokeh]]
[2022.04.19-15.34.23:056][  0]LogConfig: Setting CVar [[r.DOF.Recombine.Quality:1                ; cheap slight out of focus]]
[2022.04.19-15.34.23:056][  0]LogConfig: Setting CVar [[r.DOF.Recombine.EnableBokehSettings:0    ; no bokeh simulation on slight out of focus]]
[2022.04.19-15.34.23:056][  0]LogConfig: Setting CVar [[r.DOF.TemporalAAQuality:1                ; more stable temporal accumulation]]
[2022.04.19-15.34.23:056][  0]LogConfig: Setting CVar [[r.DOF.Kernel.MaxForegroundRadius:0.025]]
[2022.04.19-15.34.23:057][  0]LogConfig: Setting CVar [[r.DOF.Kernel.MaxBackgroundRadius:0.025]]
[2022.04.19-15.34.23:057][  0]LogConfig: Applying CVar settings from Section [TextureQuality@3] File [C:/Users/kevin/dev/UnrealProjects/KrazyKarts/KrazyKarts/Saved/Config/Windows/Scalability.ini]
[2022.04.19-15.34.23:057][  0]LogConfig: Setting CVar [[r.Streaming.MipBias:0]]
[2022.04.19-15.34.23:057][  0]LogConfig: Setting CVar [[r.Streaming.AmortizeCPUToGPUCopy:0]]
[2022.04.19-15.34.23:057][  0]LogConfig: Setting CVar [[r.Streaming.MaxNumTexturesToStreamPerFrame:0]]
[2022.04.19-15.34.23:057][  0]LogConfig: Setting CVar [[r.Streaming.Boost:1]]
[2022.04.19-15.34.23:057][  0]LogConfig: Setting CVar [[r.MaxAnisotropy:8]]
[2022.04.19-15.34.23:057][  0]LogConfig: Setting CVar [[r.VT.MaxAnisotropy:8]]
[2022.04.19-15.34.23:057][  0]LogConfig: Setting CVar [[r.Streaming.LimitPoolSizeToVRAM:0]]
[2022.04.19-15.34.23:057][  0]LogConfig: Setting CVar [[r.Streaming.PoolSize:1000]]
[2022.04.19-15.34.23:057][  0]LogConfig: Setting CVar [[r.Streaming.MaxEffectiveScreenSize:0]]
[2022.04.19-15.34.23:057][  0]LogConfig: Applying CVar settings from Section [EffectsQuality@3] File [C:/Users/kevin/dev/UnrealProjects/KrazyKarts/KrazyKarts/Saved/Config/Windows/Scalability.ini]
[2022.04.19-15.34.23:057][  0]LogConfig: Setting CVar [[r.TranslucencyLightingVolumeDim:64]]
[2022.04.19-15.34.23:057][  0]LogConfig: Setting CVar [[r.RefractionQuality:2]]
[2022.04.19-15.34.23:057][  0]LogConfig: Setting CVar [[r.SSR.Quality:3]]
[2022.04.19-15.34.23:057][  0]LogConfig: Setting CVar [[r.SSR.HalfResSceneColor:0]]
[2022.04.19-15.34.23:057][  0]LogConfig: Setting CVar [[r.SceneColorFormat:4]]
[2022.04.19-15.34.23:057][  0]LogConfig: Setting CVar [[r.DetailMode:2]]
[2022.04.19-15.34.23:057][  0]LogConfig: Setting CVar [[r.TranslucencyVolumeBlur:1]]
[2022.04.19-15.34.23:057][  0]LogConfig: Setting CVar [[r.MaterialQualityLevel:1 ; High quality]]
[2022.04.19-15.34.23:057][  0]LogConfig: Setting CVar [[r.AnisotropicMaterials:1]]
[2022.04.19-15.34.23:057][  0]LogConfig: Setting CVar [[r.SSS.Scale:1]]
[2022.04.19-15.34.23:057][  0]LogConfig: Setting CVar [[r.SSS.SampleSet:2]]
[2022.04.19-15.34.23:057][  0]LogConfig: Setting CVar [[r.SSS.Quality:1]]
[2022.04.19-15.34.23:057][  0]LogConfig: Setting CVar [[r.SSS.HalfRes:0]]
[2022.04.19-15.34.23:057][  0]LogConfig: Setting CVar [[r.SSGI.Quality:3]]
[2022.04.19-15.34.23:057][  0]LogConfig: Setting CVar [[r.EmitterSpawnRateScale:1.0]]
[2022.04.19-15.34.23:057][  0]LogConfig: Setting CVar [[r.ParticleLightQuality:2]]
[2022.04.19-15.34.23:057][  0]LogConfig: Setting CVar [[r.SkyAtmosphere.AerialPerspectiveLUT.FastApplyOnOpaque:1 ; Always have FastSkyLUT 1 in this case to avoid wrong sky]]
[2022.04.19-15.34.23:057][  0]LogConfig: Setting CVar [[r.SkyAtmosphere.AerialPerspectiveLUT.SampleCountMaxPerSlice:4]]
[2022.04.19-15.34.23:057][  0]LogConfig: Setting CVar [[r.SkyAtmosphere.AerialPerspectiveLUT.DepthResolution:16.0]]
[2022.04.19-15.34.23:057][  0]LogConfig: Setting CVar [[r.SkyAtmosphere.FastSkyLUT:1]]
[2022.04.19-15.34.23:057][  0]LogConfig: Setting CVar [[r.SkyAtmosphere.FastSkyLUT.SampleCountMin:4.0]]
[2022.04.19-15.34.23:057][  0]LogConfig: Setting CVar [[r.SkyAtmosphere.FastSkyLUT.SampleCountMax:128.0]]
[2022.04.19-15.34.23:057][  0]LogConfig: Setting CVar [[r.SkyAtmosphere.SampleCountMin:4.0]]
[2022.04.19-15.34.23:057][  0]LogConfig: Setting CVar [[r.SkyAtmosphere.SampleCountMax:128.0]]
[2022.04.19-15.34.23:057][  0]LogConfig: Setting CVar [[r.SkyAtmosphere.TransmittanceLUT.UseSmallFormat:0]]
[2022.04.19-15.34.23:057][  0]LogConfig: Setting CVar [[r.SkyAtmosphere.TransmittanceLUT.SampleCount:10.0]]
[2022.04.19-15.34.23:057][  0]LogConfig: Setting CVar [[r.SkyAtmosphere.MultiScatteringLUT.SampleCount:15.0]]
[2022.04.19-15.34.23:057][  0]LogConfig: Setting CVar [[r.SkyLight.RealTimeReflectionCapture:1]]
[2022.04.19-15.34.23:057][  0]LogConfig: Applying CVar settings from Section [FoliageQuality@3] File [C:/Users/kevin/dev/UnrealProjects/KrazyKarts/KrazyKarts/Saved/Config/Windows/Scalability.ini]
[2022.04.19-15.34.23:057][  0]LogConfig: Setting CVar [[foliage.DensityScale:1.0]]
[2022.04.19-15.34.23:057][  0]LogConfig: Setting CVar [[grass.DensityScale:1.0]]
[2022.04.19-15.34.23:057][  0]LogConfig: Applying CVar settings from Section [ShadingQuality@3] File [C:/Users/kevin/dev/UnrealProjects/KrazyKarts/KrazyKarts/Saved/Config/Windows/Scalability.ini]
[2022.04.19-15.34.23:057][  0]LogConfig: Setting CVar [[r.HairStrands.SkyLighting.IntegrationType:2]]
[2022.04.19-15.34.23:057][  0]LogConfig: Setting CVar [[r.HairStrands.SkyAO.SampleCount:4]]
[2022.04.19-15.34.23:057][  0]LogConfig: Setting CVar [[r.HairStrands.Visibility.MSAA.SamplePerPixel:4]]
[2022.04.19-15.34.23:057][  0]LogConfig: Applying CVar settings from Section [Startup] File [../../../Engine/Config/ConsoleVariables.ini]
[2022.04.19-15.34.23:057][  0]LogConfig: Setting CVar [[net.UseAdaptiveNetUpdateFrequency:0]]
[2022.04.19-15.34.23:057][  0]LogConfig: Setting CVar [[p.chaos.AllowCreatePhysxBodies:1]]
[2022.04.19-15.34.23:057][  0]LogConfig: Setting CVar [[fx.SkipVectorVMBackendOptimizations:1]]
[2022.04.19-15.34.23:057][  0]LogConfig: Applying CVar settings from Section [ConsoleVariables] File [C:/Users/kevin/dev/UnrealProjects/KrazyKarts/KrazyKarts/Saved/Config/Windows/Engine.ini]
[2022.04.19-15.34.23:057][  0]LogConfig: Applying CVar settings from Section [ConsoleVariables] File [C:/Users/kevin/dev/UnrealProjects/KrazyKarts/KrazyKarts/Saved/Config/Windows/Editor.ini]
[2022.04.19-15.34.23:058][  0]LogInit: Computer: LAPTOP-UIE5FDIO
[2022.04.19-15.34.23:058][  0]LogInit: User: kevin
[2022.04.19-15.34.23:058][  0]LogInit: CPU Page size=4096, Cores=6
[2022.04.19-15.34.23:058][  0]LogInit: High frequency timer resolution =10.000000 MHz
[2022.04.19-15.34.23:058][  0]LogMemory: Memory total: Physical=15.8GB (16GB approx)
[2022.04.19-15.34.23:058][  0]LogMemory: Platform Memory Stats for Windows
[2022.04.19-15.34.23:058][  0]LogMemory: Process Physical Memory: 144.61 MB used, 144.62 MB peak
[2022.04.19-15.34.23:058][  0]LogMemory: Process Virtual Memory: 128.74 MB used, 128.74 MB peak
[2022.04.19-15.34.23:058][  0]LogMemory: Physical Memory: 13257.55 MB used,  2911.85 MB free, 16169.40 MB total
[2022.04.19-15.34.23:058][  0]LogMemory: Virtual Memory: 134211000.00 MB used,  6727.98 MB free, 134217728.00 MB total
[2022.04.19-15.34.23:062][  0]LogWindows: WindowsPlatformFeatures enabled
[2022.04.19-15.34.23:224][  0]LogInit: Physics initialised using underlying interface: PhysX
[2022.04.19-15.34.23:227][  0]LogInit: Using OS detected language (en-GB).
[2022.04.19-15.34.23:227][  0]LogInit: Using OS detected locale (en-US).
[2022.04.19-15.34.23:242][  0]LogTextLocalizationManager: No specific localization for 'en-GB' exists, so the 'en' localization will be used.
[2022.04.19-15.34.23:572][  0]LogInit: Setting process to per monitor DPI aware
[2022.04.19-15.34.23:584][  0]LogWindowsTextInputMethodSystem: Display: IME system deactivated.
[2022.04.19-15.34.23:625][  0]LogSlate: New Slate User Created.  User Index 0, Is Virtual User: 0
[2022.04.19-15.34.23:625][  0]LogSlate: Slate User Registered.  User Index 0, Is Virtual User: 0
[2022.04.19-15.34.26:798][  0]LogD3D11RHI: Loaded GFSDK_Aftermath_Lib.x64.dll
[2022.04.19-15.34.26:804][  0]LogHMD: Failed to initialize OpenVR with code 110
[2022.04.19-15.34.26:804][  0]LogD3D11RHI: D3D11 min allowed feature level: 11_0
[2022.04.19-15.34.26:804][  0]LogD3D11RHI: D3D11 max allowed feature level: 11_0
[2022.04.19-15.34.26:804][  0]LogD3D11RHI: D3D11 adapters:
[2022.04.19-15.34.27:001][  0]LogD3D11RHI:    0. 'NVIDIA GeForce RTX 2070' (Feature Level 11_0)
[2022.04.19-15.34.27:001][  0]LogD3D11RHI:       8031/0/8084 MB DedicatedVideo/DedicatedSystem/SharedSystem, Outputs:1, VendorId:0x10de
[2022.04.19-15.34.27:028][  0]LogD3D11RHI:    1. 'Intel(R) UHD Graphics' (Feature Level 11_0)
[2022.04.19-15.34.27:028][  0]LogD3D11RHI:       128/0/8084 MB DedicatedVideo/DedicatedSystem/SharedSystem, Outputs:0, VendorId:0x8086
[2022.04.19-15.34.27:032][  0]LogD3D11RHI:    2. 'Microsoft Basic Render Driver' (Feature Level 11_0)
[2022.04.19-15.34.27:032][  0]LogD3D11RHI:       0/0/8084 MB DedicatedVideo/DedicatedSystem/SharedSystem, Outputs:0, VendorId:0x1414
[2022.04.19-15.34.27:032][  0]LogD3D11RHI: Chosen D3D11 Adapter:
[2022.04.19-15.34.27:032][  0]LogD3D11RHI:     Description : NVIDIA GeForce RTX 2070
[2022.04.19-15.34.27:032][  0]LogD3D11RHI:     VendorId    : 10de
[2022.04.19-15.34.27:032][  0]LogD3D11RHI:     DeviceId    : 1f14
[2022.04.19-15.34.27:033][  0]LogD3D11RHI:     SubSysId    : 192f1043
[2022.04.19-15.34.27:033][  0]LogD3D11RHI:     Revision    : 00a1
[2022.04.19-15.34.27:033][  0]LogD3D11RHI:     DedicatedVideoMemory : 8421113856 bytes
[2022.04.19-15.34.27:033][  0]LogD3D11RHI:     DedicatedSystemMemory : 0 bytes
[2022.04.19-15.34.27:033][  0]LogD3D11RHI:     SharedSystemMemory : 8477423616 bytes
[2022.04.19-15.34.27:033][  0]LogD3D11RHI:     AdapterLuid : 0 112422
[2022.04.19-15.34.27:039][  0]LogD3D11RHI: Creating new Direct3DDevice
[2022.04.19-15.34.27:039][  0]LogD3D11RHI:     GPU DeviceId: 0x1f14 (for the marketing name, search the web for "GPU Device Id")
[2022.04.19-15.34.27:039][  0]LogWindows: EnumDisplayDevices:
[2022.04.19-15.34.27:040][  0]LogWindows:    0. 'Intel(R) UHD Graphics' (P:1 D:1)
[2022.04.19-15.34.27:040][  0]LogWindows:    1. 'Intel(R) UHD Graphics' (P:0 D:0)
[2022.04.19-15.34.27:040][  0]LogWindows:    2. 'Intel(R) UHD Graphics' (P:0 D:0)
[2022.04.19-15.34.27:042][  0]LogWindows:    3. 'NVIDIA GeForce RTX 2070' (P:0 D:0)
[2022.04.19-15.34.27:042][  0]LogWindows:    4. 'NVIDIA GeForce RTX 2070' (P:0 D:0)
[2022.04.19-15.34.27:042][  0]LogWindows:    5. 'NVIDIA GeForce RTX 2070' (P:0 D:0)
[2022.04.19-15.34.27:042][  0]LogWindows:    6. 'NVIDIA GeForce RTX 2070' (P:0 D:0)
[2022.04.19-15.34.27:042][  0]LogWindows: DebugString: PrimaryIsNotTheChoosenAdapter PrimaryIsNotTheChoosenAdapter PrimaryIsNotTheChoosenAdapter FoundDriverCount:4 
[2022.04.19-15.34.27:042][  0]LogD3D11RHI:     Adapter Name: NVIDIA GeForce RTX 2070
[2022.04.19-15.34.27:042][  0]LogD3D11RHI:   Driver Version: 497.29 (internal:30.0.14.9729, unified:497.29)
[2022.04.19-15.34.27:042][  0]LogD3D11RHI:      Driver Date: 12-15-2021
[2022.04.19-15.34.27:042][  0]LogRHI: Texture pool is 5621 MB (70% of 8031 MB)
[2022.04.19-15.34.27:043][  0]LogD3D11RHI: Creating D3DDevice using adapter:
[2022.04.19-15.34.27:043][  0]LogD3D11RHI:     Description : NVIDIA GeForce RTX 2070
[2022.04.19-15.34.27:043][  0]LogD3D11RHI:     VendorId    : 10de
[2022.04.19-15.34.27:043][  0]LogD3D11RHI:     DeviceId    : 1f14
[2022.04.19-15.34.27:043][  0]LogD3D11RHI:     SubSysId    : 192f1043
[2022.04.19-15.34.27:043][  0]LogD3D11RHI:     Revision    : 00a1
[2022.04.19-15.34.27:043][  0]LogD3D11RHI:     DedicatedVideoMemory : 8421113856 bytes
[2022.04.19-15.34.27:043][  0]LogD3D11RHI:     DedicatedSystemMemory : 0 bytes
[2022.04.19-15.34.27:043][  0]LogD3D11RHI:     SharedSystemMemory : 8477423616 bytes
[2022.04.19-15.34.27:043][  0]LogD3D11RHI:     AdapterLuid : 0 112422
[2022.04.19-15.34.27:099][  0]LogD3D11RHI: RHI has support for 64 bit atomics
[2022.04.19-15.34.27:099][  0]LogD3D11RHI: Async texture creation enabled
[2022.04.19-15.34.27:099][  0]LogD3D11RHI: Array index from any shader is supported
[2022.04.19-15.34.27:158][  0]LogD3D11RHI: GPU Timing Frequency: 1000.000000 (Debug: 2 1)
[2022.04.19-15.34.27:206][  0]LogRHI: GeForceNow SDK initialized: 1
[2022.04.19-15.34.27:498][  0]LogTargetPlatformManager: Display: Loaded TargetPlatform 'AllDesktop'
[2022.04.19-15.34.27:522][  0]LogTargetPlatformManager: Display: Loaded TargetPlatform 'Android'
[2022.04.19-15.34.27:522][  0]LogTargetPlatformManager: Display: Loaded TargetPlatform 'Android_ASTC'
[2022.04.19-15.34.27:522][  0]LogTargetPlatformManager: Display: Loaded TargetPlatform 'Android_DXT'
[2022.04.19-15.34.27:522][  0]LogTargetPlatformManager: Display: Loaded TargetPlatform 'Android_ETC2'
[2022.04.19-15.34.27:522][  0]LogTargetPlatformManager: Display: Loaded TargetPlatform 'AndroidClient'
[2022.04.19-15.34.27:522][  0]LogTargetPlatformManager: Display: Loaded TargetPlatform 'Android_ASTCClient'
[2022.04.19-15.34.27:522][  0]LogTargetPlatformManager: Display: Loaded TargetPlatform 'Android_DXTClient'
[2022.04.19-15.34.27:522][  0]LogTargetPlatformManager: Display: Loaded TargetPlatform 'Android_ETC2Client'
[2022.04.19-15.34.27:522][  0]LogTargetPlatformManager: Display: Loaded TargetPlatform 'Android_Multi'
[2022.04.19-15.34.27:522][  0]LogTargetPlatformManager: Display: Loaded TargetPlatform 'Android_MultiClient'
[2022.04.19-15.34.27:554][  0]LogTargetPlatformManager: Display: Loaded TargetPlatform 'IOSClient'
[2022.04.19-15.34.27:554][  0]LogTargetPlatformManager: Display: Loaded TargetPlatform 'IOS'
[2022.04.19-15.34.27:575][  0]LogTargetPlatformManager: Display: Loaded TargetPlatform 'Linux'
[2022.04.19-15.34.27:581][  0]LogTargetPlatformManager: Display: Loaded TargetPlatform 'LinuxNoEditor'
[2022.04.19-15.34.27:588][  0]LogTargetPlatformManager: Display: Loaded TargetPlatform 'LinuxClient'
[2022.04.19-15.34.27:595][  0]LogTargetPlatformManager: Display: Loaded TargetPlatform 'LinuxServer'
[2022.04.19-15.34.27:612][  0]LogTargetPlatformManager: Display: Loaded TargetPlatform 'LinuxAArch64NoEditor'
[2022.04.19-15.34.27:618][  0]LogTargetPlatformManager: Display: Loaded TargetPlatform 'LinuxAArch64Client'
[2022.04.19-15.34.27:625][  0]LogTargetPlatformManager: Display: Loaded TargetPlatform 'LinuxAArch64Server'
[2022.04.19-15.34.27:659][  0]LogTargetPlatformManager: Display: Loaded TargetPlatform 'Lumin'
[2022.04.19-15.34.27:659][  0]LogTargetPlatformManager: Display: Loaded TargetPlatform 'LuminClient'
[2022.04.19-15.34.27:681][  0]LogTargetPlatformManager: Display: Loaded TargetPlatform 'MacNoEditor'
[2022.04.19-15.34.27:692][  0]LogTargetPlatformManager: Display: Loaded TargetPlatform 'Mac'
[2022.04.19-15.34.27:701][  0]LogTargetPlatformManager: Display: Loaded TargetPlatform 'MacClient'
[2022.04.19-15.34.27:710][  0]LogTargetPlatformManager: Display: Loaded TargetPlatform 'MacServer'
[2022.04.19-15.34.27:723][  0]LogTargetPlatformManager: Display: Loaded TargetPlatform 'TVOSClient'
[2022.04.19-15.34.27:723][  0]LogTargetPlatformManager: Display: Loaded TargetPlatform 'TVOS'
[2022.04.19-15.34.27:738][  0]LogTargetPlatformManager: Display: Loaded TargetPlatform 'WindowsNoEditor'
[2022.04.19-15.34.27:749][  0]LogTargetPlatformManager: Display: Loaded TargetPlatform 'Windows'
[2022.04.19-15.34.27:760][  0]LogTargetPlatformManager: Display: Loaded TargetPlatform 'WindowsClient'
[2022.04.19-15.34.27:772][  0]LogTargetPlatformManager: Display: Loaded TargetPlatform 'WindowsServer'
[2022.04.19-15.34.27:772][  0]LogTargetPlatformManager: Display: Building Assets For Windows
[2022.04.19-15.34.27:793][  0]LogAudioDebug: Display: Lib vorbis DLL was dynamically loaded.
[2022.04.19-15.34.27:937][  0]LogTextureFormatOodle: Display: Oodle Texture 2.9.0 init RDO Off
[2022.04.19-15.34.28:104][  0]LogRendererCore: Ray tracing is disabled. Reason: r.RayTracing=0.
[2022.04.19-15.34.28:105][  0]LogShaderCompilers: Guid format shader working directory is -10 characters bigger than the processId version (C:/Users/kevin/dev/UnrealProjects/KrazyKarts/KrazyKarts/Intermediate/Shaders/WorkingDirectory/15940/).
[2022.04.19-15.34.28:105][  0]LogShaderCompilers: Cleaned the shader compiler working directory 'C:/Users/kevin/AppData/Local/Temp/UnrealShaderWorkingDir/FB213BDD4371D406ECD38792BEFFC8EE/'.
[2022.04.19-15.34.28:106][  0]LogXGEController: Cannot use XGE Controller as Incredibuild is not installed on this machine.
[2022.04.19-15.34.28:106][  0]LogShaderCompilers: Cannot use XGE Shader Compiler as Incredibuild is not installed on this machine.
[2022.04.19-15.34.28:106][  0]LogShaderCompilers: Display: Using Local Shader Compiler.
[2022.04.19-15.34.31:464][  0]LogDerivedDataCache: Display: Max Cache Size: 512 MB
[2022.04.19-15.34.31:611][  0]LogDerivedDataCache: Loaded boot cache 0.15s 105MB C:/Users/kevin/AppData/Local/UnrealEngine/4.27/DerivedDataCache/Boot.ddc.
[2022.04.19-15.34.31:611][  0]LogDerivedDataCache: Display: Loaded Boot cache: C:/Users/kevin/AppData/Local/UnrealEngine/4.27/DerivedDataCache/Boot.ddc
[2022.04.19-15.34.31:611][  0]LogDerivedDataCache: FDerivedDataBackendGraph:  Pak pak cache file C:/Users/kevin/dev/UnrealProjects/KrazyKarts/KrazyKarts/DerivedDataCache/DDC.ddp not found, will not use a pak cache.
[2022.04.19-15.34.31:611][  0]LogDerivedDataCache: Unable to find inner node Pak for hierarchical cache Hierarchy.
[2022.04.19-15.34.31:611][  0]LogDerivedDataCache: FDerivedDataBackendGraph:  CompressedPak pak cache file C:/Users/kevin/dev/UnrealProjects/KrazyKarts/KrazyKarts/DerivedDataCache/Compressed.ddp not found, will not use a pak cache.
[2022.04.19-15.34.31:611][  0]LogDerivedDataCache: Unable to find inner node CompressedPak for hierarchical cache Hierarchy.
[2022.04.19-15.34.31:631][  0]LogDerivedDataCache: Display: Pak cache opened for reading ../../../Engine/DerivedDataCache/Compressed.ddp.
[2022.04.19-15.34.31:631][  0]LogDerivedDataCache: FDerivedDataBackendGraph:  EnterprisePak pak cache file ../../../Enterprise/DerivedDataCache/Compressed.ddp not found, will not use a pak cache.
[2022.04.19-15.34.31:631][  0]LogDerivedDataCache: Unable to find inner node EnterprisePak for hierarchical cache Hierarchy.
[2022.04.19-15.34.31:646][  0]LogDerivedDataCache: Speed tests for C:/Users/kevin/AppData/Local/UnrealEngine/Common/DerivedDataCache took 0.01 seconds
[2022.04.19-15.34.31:646][  0]LogDerivedDataCache: Display: Performance to C:/Users/kevin/AppData/Local/UnrealEngine/Common/DerivedDataCache: Latency=0.35ms. RandomReadSpeed=207.11MBs, RandomWriteSpeed=163.93MBs. Assigned SpeedClass 'Local'
[2022.04.19-15.34.31:646][  0]LogDerivedDataCache: Using Local data cache path C:/Users/kevin/AppData/Local/UnrealEngine/Common/DerivedDataCache: Writable
[2022.04.19-15.34.31:646][  0]LogDerivedDataCache: Shared data cache path not found in *engine.ini, will not use an Shared cache.
[2022.04.19-15.34.31:646][  0]LogDerivedDataCache: Unable to find inner node Shared for hierarchical cache Hierarchy.
[2022.04.19-15.34.31:700][  0]LogSlate: Using FreeType 2.10.0
[2022.04.19-15.34.31:701][  0]LogSlate: SlateFontServices - WITH_FREETYPE: 1, WITH_HARFBUZZ: 1
[2022.04.19-15.34.31:761][  0]LogAssetRegistry: FAssetRegistry took 0.0043 seconds to start up
[2022.04.19-15.34.32:227][  0]LogInit: Selected Device Profile: [Windows]
[2022.04.19-15.34.32:227][  0]LogInit: Active device profile: [0000022F2D6D4900][0000022F2BA3BC00 49] Windows
[2022.04.19-15.34.32:227][  0]LogInit: Profiles: [0000022F2D6D4900][0000022F2BA3BC00 49] Windows, [0000022F2D697800][0000022F2D0C8200 49] WindowsNoEditor, [0000022F2D6D7500][0000022F2D0CC380 49] WindowsServer, [0000022F2D694E00][0000022F2D0D0500 49] WindowsClient, [0000022F2D6D7800][0000022F2D0C4640 49] IOS, [0000022F2D696800][0000022F2D0D4780 49] iPadAir, [0000022F2D6D6000][0000022F2D0D88C0 49] iPadAir2, [0000022F2D638A00][0000022F2D0E4B80 49] IPadPro, [0000022F2D638B00][0000022F2D0E0BC0 49] iPadAir3, [0000022F2D695900][0000022F2D0E8D40 49] iPadAir4, [0000022F2D63B400][0000022F2D0ECEC0 49] iPadMini2, [0000022F2D696A00][0000022F2D0F1040 49] iPadMini3, [0000022F2D639700][0000022F2D0F51C0 49] iPadMini4, [0000022F2D6D5100][0000022F2D0F9340 49] iPadMini5, [0000022F2D660300][0000022F2D101600 49] iPhone6, [0000022F2D660400][0000022F2D0FD640 49] iPodTouch6, [0000022F2D627F00][0000022F2D109900 49] iPhone7, [0000022F2D627E00][0000022F2D105940 49] iPodTouch7, [0000022F2D696000][0000022F2D10DAC0 49] iPhone5S, [0000022F2D625A00][0000022F2D1100C0 49] iPhone6Plus, [0000022F2D660200][0000022F2D114240 49] iPhone6S, [0000022F2D624600][0000022F2D1183C0 49] iPhone6SPlus, [0000022F2D662900][0000022F2D11C540 49] iPhone7Plus, [0000022F2D627100][0000022F2D1206C0 49] iPhoneSE, [0000022F2D662200][0000022F2D0DC800 49] iPhone8, [0000022F2D627B00][0000022F2D124940 49] iPhone8Plus, [0000022F2D660A00][0000022F2D128A80 49] iPhoneX, [0000022F2D625400][0000022F2D12CBC0 49] iPhoneXS, [0000022F2D663900][0000022F2D134D40 49] iPhoneXSMax, [0000022F2D624900][0000022F2D138EC0 49] iPhoneXR, [0000022F2D662F00][0000022F2D13D040 49] iPhone11, [0000022F2D625300][0000022F2D1411C0 49] iPhone11Pro, [0000022F2D661000][0000022F2D145340 49] iPhone11ProMax, [0000022F2D626A00][0000022F2D1494C0 49] iPhoneSE2, [0000022F2D661400][0000022F2D14D640 49] iPhone12Mini, [0000022F2D626400][0000022F2E1617C0 49] iPhone12, [0000022F2D660D00][0000022F2E165940 49] iPhone12Pro, [0000022F2D626B00][0000022F2E169AC0 49] iPhone12ProMax, [0000022F2D663000][0000022F2E16C0C0 49] iPadPro105, [0000022F2D624700][0000022F2E170240 49] iPadPro129, [0000022F2D662800][0000022F2E1743C0 49] iPadPro97, [0000022F2D626600][0000022F2E178540 49] iPadPro2_129, [0000022F2D663C00][0000022F2E17C6C0 49] iPad5, [0000022F2D626200][0000022F2E180840 49] iPad6, [0000022F2D660F00][0000022F2D130980 49] iPad7, [0000022F2D626D00][0000022F2E184AC0 49] iPad8, [0000022F2D661100][0000022F2E188C00 49] iPadPro11, [0000022F2D625600][0000022F2E18CD40 49] iPadPro2_11, [0000022F2D663400][0000022F2E194EC0 49] iPadPro3_129, [0000022F2D626800][0000022F2E199040 49] iPadPro4_129, [0000022F2D663A00][0000022F2E19D1C0 49] AppleTV, [0000022F2D626100][0000022F2E1A1340 49] AppleTV4K, [0000022F2D661F00][0000022F2E1A54C0 49] TVOS, [0000022F2D627400][0000022F2E1A9640 49] Mac, [0000022F2D663800][0000022F2E1AD7C0 49] MacClient, [0000022F2D625E00][0000022F2E1B1940 49] MacNoEditor, [0000022F2D663F00][0000022F2E1B5AC0 49] MacServer, [0000022F2D627500][0000022F2E1B80C0 49] Linux, [0000022F2D660C00][0000022F2E1BC240 49] LinuxAArch64, [0000022F2D626F00][0000022F2E1C03C0 49] LinuxNoEditor, [0000022F2D660B00][0000022F2E1C8540 49] LinuxAArch64NoEditor, [0000022F2D627700][0000022F2E1DE6C0 49] LinuxClient, [0000022F2D661A00][0000022F2E24E840 49] LinuxAArch64Client, [0000022F2D625000][0000022F2E2569C0 49] LinuxServer, [0000022F2D662500][0000022F2E25AB40 49] LinuxAArch64Server, [0000022F2D625900][0000022F2E190C80 49] Android, [0000022F2D661300][0000022F2E266DC0 49] Android_Low, [0000022F2D626700][0000022F23978F00 49] Android_Mid, [0000022F2D662B00][0000022F239D9080 49] Android_High, [0000022F2D627800][0000022F239DD200 49] Android_Default, [0000022F2D661600][0000022F239E1380 49] Android_Adreno4xx, [0000022F2D625500][0000022F239E5500 49] Android_Adreno5xx_Low, [0000022F2D63B600][0000022F23DAD680 49] Android_Adreno5xx, [0000022F2D695800][0000022F23DB1800 49] Android_Adreno6xx, [0000022F2D639200][0000022F23DB5980 49] Android_Adreno6xx_Vulkan, [0000022F2D697C00][0000022F23DB9B00 49] Android_Mali_T6xx, [0000022F2D639100][0000022F23DBC100 49] Android_Mali_T7xx, [0000022F2D695600][0000022F23DC0280 49] Android_Mali_T8xx, [0000022F2D639E00][0000022F23DC4400 49] Android_Mali_G71, [0000022F2D694500][0000022F23DC8580 49] Android_Mali_G72, [0000022F2D638800][0000022F23DCC700 49] Android_Mali_G72_Vulkan, [0000022F2D695300][0000022F23DD0880 49] Android_Mali_G76, [0000022F2D638100][0000022F23DD4A00 49] Android_Mali_G76_Vulkan, [0000022F2D695F00][0000022F23DD8B80 49] Android_Mali_G77, [0000022F2D639000][0000022F23DDCD00 49] Android_Mali_G77_Vulkan, [0000022F2D694A00][0000022F239D4E40 49] Android_Mali_G78, [0000022F2D63AC00][0000022F23DE0F80 49] Android_Mali_G78_Vulkan, [0000022F2D697600][0000022F23DE50C0 49] Android_Mali_G710, [0000022F2D63AA00][0000022F23DED240 49] Android_Mali_G710_Vulkan, [0000022F2D697F00][0000022F23DF13C0 49] Android_Vulkan_SM5, [0000022F2D63BB00][0000022F23DF5540 49] Android_PowerVR_G6xxx, [0000022F2D697B00][0000022F23DF96C0 49] Android_PowerVR_GT7xxx, [0000022F2D63B900][0000022F23DFD840 49] Android_PowerVR_GE8xxx, [0000022F2D694C00][0000022F23E019C0 49] Android_PowerVR_GM9xxx, [0000022F2D63A700][0000022F23E05B40 49] Android_PowerVR_GM9xxx_Vulkan, [0000022F2D696700][0000022F23E08140 49] Android_TegraK1, [0000022F2D638900][0000022F23E0C2C0 49] Android_Unknown_Vulkan, [0000022F2D695D00][0000022F23E10440 49] Lumin, [0000022F2D638500][0000022F23E145C0 49] Lumin_Desktop, [0000022F2D697300][0000022F23E18740 49] HoloLens, 
[2022.04.19-15.34.32:548][  0]LogMeshReduction: Using QuadricMeshReduction for automatic static mesh reduction
[2022.04.19-15.34.32:548][  0]LogMeshReduction: Using SimplygonMeshReduction for automatic skeletal mesh reduction
[2022.04.19-15.34.32:548][  0]LogMeshReduction: Using ProxyLODMeshReduction for automatic mesh merging
[2022.04.19-15.34.32:548][  0]LogMeshReduction: No distributed automatic mesh merging module available
[2022.04.19-15.34.32:549][  0]LogMeshMerging: No distributed automatic mesh merging module available
[2022.04.19-15.34.32:612][  0]LogNetVersion: KrazyKarts 1.0.0, NetCL: 17155196, EngineNetVer: 17, GameNetVer: 0 (Checksum: 3558512454)
[2022.04.19-15.34.34:987][  0]LogTexture: Default maximum texture size for cubemaps generated from long-lat sources has been changed from 512 to unlimited. In order to preserve old behaiour for '/Engine/MapTemplates/Sky/DaylightAmbientCubemap.DaylightAmbientCubemap', its maximum texture size has been explicitly set to 512.
[2022.04.19-15.34.35:128][  0]LogHMD: PokeAHoleMaterial loaded successfully
[2022.04.19-15.34.35:136][  0]LogUObjectArray: 17178 objects as part of root set at end of initial load.
[2022.04.19-15.34.35:136][  0]LogUObjectAllocator: 4302048 out of 0 bytes used by permanent object pool.
[2022.04.19-15.34.35:136][  0]LogUObjectArray: CloseDisregardForGC: 0/0 objects in disregard for GC pool
[2022.04.19-15.34.36:154][  0]LogPython: Using Python 3.7.7
[2022.04.19-15.34.36:928][  0]LogNiagaraDebuggerClient: Niagara Debugger Client Initialized | Session: 5BE9F9F540A0E34A57093CBE0FAC6C6F | Instance: 1C2F259D4C648F5A1CAD8FA87A6FEE4A (LAPTOP-UIE5FDIO-15940).
[2022.04.19-15.34.37:345][  0]LogTcpMessaging: Initializing TcpMessaging bridge
[2022.04.19-15.34.37:352][  0]LogUdpMessaging: Initializing bridge on interface 0.0.0.0:0 to multicast group 230.0.0.1:6666.
[2022.04.19-15.34.39:262][  0]LogWindows: Error: === Critical error: ===
[2022.04.19-15.34.39:262][  0]LogWindows: Error: 
[2022.04.19-15.34.39:262][  0]LogWindows: Error: Fatal error!
[2022.04.19-15.34.39:262][  0]LogWindows: Error: 
[2022.04.19-15.34.39:262][  0]LogWindows: Error: Unhandled Exception: EXCEPTION_ACCESS_VIOLATION reading address 0x00000000000000e8
[2022.04.19-15.34.39:262][  0]LogWindows: Error: 
[2022.04.19-15.34.39:262][  0]LogWindows: Error: [Callstack] 0x00007ffb0ce01f4c UE4Editor-KrazyKarts-0003.dll!UInputComponent::BindAxis<AGoKart>() [D:\Games\Origin\UE_4.27\Engine\Source\Runtime\Engine\Classes\Components\InputComponent.h:907]
[2022.04.19-15.34.39:262][  0]LogWindows: Error: [Callstack] 0x00007ffb0ce023f7 UE4Editor-KrazyKarts-0003.dll!AGoKart::AGoKart() [C:\Users\kevin\dev\UnrealProjects\KrazyKarts\KrazyKarts\Source\KrazyKarts\GoKart.cpp:12]
[2022.04.19-15.34.39:262][  0]LogWindows: Error: [Callstack] 0x00007ffb8ad161d3 UE4Editor-CoreUObject.dll!UClass::CreateDefaultObject() [D:\Build\++UE4\Sync\Engine\Source\Runtime\CoreUObject\Private\UObject\Class.cpp:3791]
[2022.04.19-15.34.39:262][  0]LogWindows: Error: [Callstack] 0x00007ffb8b038faf UE4Editor-CoreUObject.dll!UObjectLoadAllCompiledInDefaultProperties() [D:\Build\++UE4\Sync\Engine\Source\Runtime\CoreUObject\Private\UObject\UObjectBase.cpp:911]
[2022.04.19-15.34.39:262][  0]LogWindows: Error: [Callstack] 0x00007ffb8b015411 UE4Editor-CoreUObject.dll!ProcessNewlyLoadedUObjects() [D:\Build\++UE4\Sync\Engine\Source\Runtime\CoreUObject\Private\UObject\UObjectBase.cpp:1003]
[2022.04.19-15.34.39:262][  0]LogWindows: Error: [Callstack] 0x00007ffb8aedddc5 UE4Editor-CoreUObject.dll!TBaseStaticDelegateInstance<void __cdecl(FName,bool),FDefaultDelegateUserPolicy>::ExecuteIfSafe() [D:\Build\++UE4\Sync\Engine\Source\Runtime\Core\Public\Delegates\DelegateInstancesImpl.h:731]
[2022.04.19-15.34.39:262][  0]LogWindows: Error: [Callstack] 0x00007ffb81301bea UE4Editor-Core.dll!TMulticastDelegate<void __cdecl(FName,bool),FDefaultDelegateUserPolicy>::Broadcast() [D:\Build\++UE4\Sync\Engine\Source\Runtime\Core\Public\Delegates\DelegateSignatureImpl.inl:955]
[2022.04.19-15.34.39:262][  0]LogWindows: Error: [Callstack] 0x00007ffb813215a3 UE4Editor-Core.dll!FModuleManager::LoadModuleWithFailureReason() [D:\Build\++UE4\Sync\Engine\Source\Runtime\Core\Private\Modules\ModuleManager.cpp:519]
[2022.04.19-15.34.39:262][  0]LogWindows: Error: [Callstack] 0x00007ffba9c06433 UE4Editor-Projects.dll!FModuleDescriptor::LoadModulesForPhase() [D:\Build\++UE4\Sync\Engine\Source\Runtime\Projects\Private\ModuleDescriptor.cpp:643]
[2022.04.19-15.34.39:262][  0]LogWindows: Error: [Callstack] 0x00007ffba9c0674f UE4Editor-Projects.dll!FProjectManager::LoadModulesForProject() [D:\Build\++UE4\Sync\Engine\Source\Runtime\Projects\Private\ProjectManager.cpp:62]
[2022.04.19-15.34.39:262][  0]LogWindows: Error: [Callstack] 0x00007ff7f68a5642 UE4Editor.exe!FEngineLoop::LoadStartupModules() [D:\Build\++UE4\Sync\Engine\Source\Runtime\Launch\Private\LaunchEngineLoop.cpp:3880]
[2022.04.19-15.34.39:262][  0]LogWindows: Error: [Callstack] 0x00007ff7f68a9000 UE4Editor.exe!FEngineLoop::PreInitPostStartupScreen() [D:\Build\++UE4\Sync\Engine\Source\Runtime\Launch\Private\LaunchEngineLoop.cpp:3263]
[2022.04.19-15.34.39:262][  0]LogWindows: Error: [Callstack] 0x00007ff7f68a0d2c UE4Editor.exe!GuardedMain() [D:\Build\++UE4\Sync\Engine\Source\Runtime\Launch\Private\Launch.cpp:132]
[2022.04.19-15.34.39:262][  0]LogWindows: Error: [Callstack] 0x00007ff7f68a10ba UE4Editor.exe!GuardedMainWrapper() [D:\Build\++UE4\Sync\Engine\Source\Runtime\Launch\Private\Windows\LaunchWindows.cpp:137]
[2022.04.19-15.34.39:262][  0]LogWindows: Error: [Callstack] 0x00007ff7f68a40dd UE4Editor.exe!LaunchWindowsStartup() [D:\Build\++UE4\Sync\Engine\Source\Runtime\Launch\Private\Windows\LaunchWindows.cpp:273]
[2022.04.19-15.34.39:262][  0]LogWindows: Error: [Callstack] 0x00007ff7f68b5984 UE4Editor.exe!WinMain() [D:\Build\++UE4\Sync\Engine\Source\Runtime\Launch\Private\Windows\LaunchWindows.cpp:320]
[2022.04.19-15.34.39:262][  0]LogWindows: Error: [Callstack] 0x00007ff7f68b853a UE4Editor.exe!__scrt_common_main_seh() [d:\agent\_work\5\s\src\vctools\crt\vcstartup\src\startup\exe_common.inl:288]
[2022.04.19-15.34.39:262][  0]LogWindows: Error: [Callstack] 0x00007ffbe8ae7034 KERNEL32.DLL!UnknownFunction []
[2022.04.19-15.34.39:262][  0]LogWindows: Error: [Callstack] 0x00007ffbe93e2651 ntdll.dll!UnknownFunction []
[2022.04.19-15.34.39:262][  0]LogWindows: Error: 
[2022.04.19-15.34.39:274][  0]LogExit: Executing StaticShutdownAfterError
[2022.04.19-15.34.39:275][  0]LogWindows: FPlatformMisc::RequestExit(1)
[2022.04.19-15.34.39:275][  0]LogWindows: FPlatformMisc::RequestExitWithStatus(1, 3)
[2022.04.19-15.34.39:275][  0]LogCore: Engine exit requested (reason: Win RequestExit)
[2022.04.19-15.34.39:284][  0]Log file closed, 04/19/22 16:34:39
